<?xml version="1.0" encoding="UTF-8"?>
<testsuite xmlns:xsi="http://www.w3.org/2001/XMLSchema-instance" xsi:noNamespaceSchemaLocation="https://maven.apache.org/surefire/maven-surefire-plugin/xsd/surefire-test-report.xsd" version="3.0.2" name="com.vedansh.restapis.RestApis.RestApisApplicationTests" time="11.385" tests="1" errors="0" skipped="0" failures="0">
  <properties>
    <property name="java.specification.version" value="21"/>
    <property name="sun.jnu.encoding" value="UTF-8"/>
    <property name="java.class.path" value="/home/vedansh/Documents/Spring-Boot-Rest-Apis/target/test-classes:/home/vedansh/Documents/Spring-Boot-Rest-Apis/target/classes:/home/vedansh/.m2/repository/org/springframework/boot/spring-boot-starter-web/3.5.6/spring-boot-starter-web-3.5.6.jar:/home/vedansh/.m2/repository/org/springframework/boot/spring-boot-starter/3.5.6/spring-boot-starter-3.5.6.jar:/home/vedansh/.m2/repository/org/springframework/boot/spring-boot/3.5.6/spring-boot-3.5.6.jar:/home/vedansh/.m2/repository/org/springframework/boot/spring-boot-autoconfigure/3.5.6/spring-boot-autoconfigure-3.5.6.jar:/home/vedansh/.m2/repository/org/springframework/boot/spring-boot-starter-logging/3.5.6/spring-boot-starter-logging-3.5.6.jar:/home/vedansh/.m2/repository/ch/qos/logback/logback-classic/1.5.18/logback-classic-1.5.18.jar:/home/vedansh/.m2/repository/ch/qos/logback/logback-core/1.5.18/logback-core-1.5.18.jar:/home/vedansh/.m2/repository/org/apache/logging/log4j/log4j-to-slf4j/2.24.3/log4j-to-slf4j-2.24.3.jar:/home/vedansh/.m2/repository/org/apache/logging/log4j/log4j-api/2.24.3/log4j-api-2.24.3.jar:/home/vedansh/.m2/repository/org/slf4j/jul-to-slf4j/2.0.17/jul-to-slf4j-2.0.17.jar:/home/vedansh/.m2/repository/jakarta/annotation/jakarta.annotation-api/2.1.1/jakarta.annotation-api-2.1.1.jar:/home/vedansh/.m2/repository/org/yaml/snakeyaml/2.4/snakeyaml-2.4.jar:/home/vedansh/.m2/repository/org/springframework/boot/spring-boot-starter-json/3.5.6/spring-boot-starter-json-3.5.6.jar:/home/vedansh/.m2/repository/com/fasterxml/jackson/core/jackson-databind/2.19.2/jackson-databind-2.19.2.jar:/home/vedansh/.m2/repository/com/fasterxml/jackson/core/jackson-annotations/2.19.2/jackson-annotations-2.19.2.jar:/home/vedansh/.m2/repository/com/fasterxml/jackson/core/jackson-core/2.19.2/jackson-core-2.19.2.jar:/home/vedansh/.m2/repository/com/fasterxml/jackson/datatype/jackson-datatype-jdk8/2.19.2/jackson-datatype-jdk8-2.19.2.jar:/home/vedansh/.m2/repository/com/fasterxml/jackson/datatype/jackson-datatype-jsr310/2.19.2/jackson-datatype-jsr310-2.19.2.jar:/home/vedansh/.m2/repository/com/fasterxml/jackson/module/jackson-module-parameter-names/2.19.2/jackson-module-parameter-names-2.19.2.jar:/home/vedansh/.m2/repository/org/springframework/boot/spring-boot-starter-tomcat/3.5.6/spring-boot-starter-tomcat-3.5.6.jar:/home/vedansh/.m2/repository/org/apache/tomcat/embed/tomcat-embed-core/10.1.46/tomcat-embed-core-10.1.46.jar:/home/vedansh/.m2/repository/org/apache/tomcat/embed/tomcat-embed-el/10.1.46/tomcat-embed-el-10.1.46.jar:/home/vedansh/.m2/repository/org/apache/tomcat/embed/tomcat-embed-websocket/10.1.46/tomcat-embed-websocket-10.1.46.jar:/home/vedansh/.m2/repository/org/springframework/spring-web/6.2.11/spring-web-6.2.11.jar:/home/vedansh/.m2/repository/org/springframework/spring-beans/6.2.11/spring-beans-6.2.11.jar:/home/vedansh/.m2/repository/io/micrometer/micrometer-observation/1.15.4/micrometer-observation-1.15.4.jar:/home/vedansh/.m2/repository/io/micrometer/micrometer-commons/1.15.4/micrometer-commons-1.15.4.jar:/home/vedansh/.m2/repository/org/springframework/spring-webmvc/6.2.11/spring-webmvc-6.2.11.jar:/home/vedansh/.m2/repository/org/springframework/spring-aop/6.2.11/spring-aop-6.2.11.jar:/home/vedansh/.m2/repository/org/springframework/spring-context/6.2.11/spring-context-6.2.11.jar:/home/vedansh/.m2/repository/org/springframework/spring-expression/6.2.11/spring-expression-6.2.11.jar:/home/vedansh/.m2/repository/org/springframework/boot/spring-boot-starter-data-jpa/3.5.6/spring-boot-starter-data-jpa-3.5.6.jar:/home/vedansh/.m2/repository/org/springframework/boot/spring-boot-starter-jdbc/3.5.6/spring-boot-starter-jdbc-3.5.6.jar:/home/vedansh/.m2/repository/com/zaxxer/HikariCP/6.3.3/HikariCP-6.3.3.jar:/home/vedansh/.m2/repository/org/springframework/spring-jdbc/6.2.11/spring-jdbc-6.2.11.jar:/home/vedansh/.m2/repository/org/hibernate/orm/hibernate-core/6.6.29.Final/hibernate-core-6.6.29.Final.jar:/home/vedansh/.m2/repository/jakarta/persistence/jakarta.persistence-api/3.1.0/jakarta.persistence-api-3.1.0.jar:/home/vedansh/.m2/repository/jakarta/transaction/jakarta.transaction-api/2.0.1/jakarta.transaction-api-2.0.1.jar:/home/vedansh/.m2/repository/org/jboss/logging/jboss-logging/3.6.1.Final/jboss-logging-3.6.1.Final.jar:/home/vedansh/.m2/repository/org/hibernate/common/hibernate-commons-annotations/7.0.3.Final/hibernate-commons-annotations-7.0.3.Final.jar:/home/vedansh/.m2/repository/io/smallrye/jandex/3.2.0/jandex-3.2.0.jar:/home/vedansh/.m2/repository/com/fasterxml/classmate/1.7.0/classmate-1.7.0.jar:/home/vedansh/.m2/repository/net/bytebuddy/byte-buddy/1.17.7/byte-buddy-1.17.7.jar:/home/vedansh/.m2/repository/org/glassfish/jaxb/jaxb-runtime/4.0.5/jaxb-runtime-4.0.5.jar:/home/vedansh/.m2/repository/org/glassfish/jaxb/jaxb-core/4.0.5/jaxb-core-4.0.5.jar:/home/vedansh/.m2/repository/org/eclipse/angus/angus-activation/2.0.2/angus-activation-2.0.2.jar:/home/vedansh/.m2/repository/org/glassfish/jaxb/txw2/4.0.5/txw2-4.0.5.jar:/home/vedansh/.m2/repository/com/sun/istack/istack-commons-runtime/4.1.2/istack-commons-runtime-4.1.2.jar:/home/vedansh/.m2/repository/jakarta/inject/jakarta.inject-api/2.0.1/jakarta.inject-api-2.0.1.jar:/home/vedansh/.m2/repository/org/antlr/antlr4-runtime/4.13.0/antlr4-runtime-4.13.0.jar:/home/vedansh/.m2/repository/org/springframework/data/spring-data-jpa/3.5.4/spring-data-jpa-3.5.4.jar:/home/vedansh/.m2/repository/org/springframework/data/spring-data-commons/3.5.4/spring-data-commons-3.5.4.jar:/home/vedansh/.m2/repository/org/springframework/spring-orm/6.2.11/spring-orm-6.2.11.jar:/home/vedansh/.m2/repository/org/springframework/spring-tx/6.2.11/spring-tx-6.2.11.jar:/home/vedansh/.m2/repository/org/slf4j/slf4j-api/2.0.17/slf4j-api-2.0.17.jar:/home/vedansh/.m2/repository/org/springframework/spring-aspects/6.2.11/spring-aspects-6.2.11.jar:/home/vedansh/.m2/repository/org/aspectj/aspectjweaver/1.9.24/aspectjweaver-1.9.24.jar:/home/vedansh/.m2/repository/org/postgresql/postgresql/42.7.7/postgresql-42.7.7.jar:/home/vedansh/.m2/repository/org/checkerframework/checker-qual/3.49.3/checker-qual-3.49.3.jar:/home/vedansh/.m2/repository/org/projectlombok/lombok/1.18.40/lombok-1.18.40.jar:/home/vedansh/.m2/repository/org/springframework/boot/spring-boot-starter-test/3.5.6/spring-boot-starter-test-3.5.6.jar:/home/vedansh/.m2/repository/org/springframework/boot/spring-boot-test/3.5.6/spring-boot-test-3.5.6.jar:/home/vedansh/.m2/repository/org/springframework/boot/spring-boot-test-autoconfigure/3.5.6/spring-boot-test-autoconfigure-3.5.6.jar:/home/vedansh/.m2/repository/com/jayway/jsonpath/json-path/2.9.0/json-path-2.9.0.jar:/home/vedansh/.m2/repository/jakarta/xml/bind/jakarta.xml.bind-api/4.0.2/jakarta.xml.bind-api-4.0.2.jar:/home/vedansh/.m2/repository/jakarta/activation/jakarta.activation-api/2.1.4/jakarta.activation-api-2.1.4.jar:/home/vedansh/.m2/repository/net/minidev/json-smart/2.5.2/json-smart-2.5.2.jar:/home/vedansh/.m2/repository/net/minidev/accessors-smart/2.5.2/accessors-smart-2.5.2.jar:/home/vedansh/.m2/repository/org/ow2/asm/asm/9.7.1/asm-9.7.1.jar:/home/vedansh/.m2/repository/org/assertj/assertj-core/3.27.4/assertj-core-3.27.4.jar:/home/vedansh/.m2/repository/org/awaitility/awaitility/4.2.2/awaitility-4.2.2.jar:/home/vedansh/.m2/repository/org/hamcrest/hamcrest/3.0/hamcrest-3.0.jar:/home/vedansh/.m2/repository/org/junit/jupiter/junit-jupiter/5.12.2/junit-jupiter-5.12.2.jar:/home/vedansh/.m2/repository/org/junit/jupiter/junit-jupiter-api/5.12.2/junit-jupiter-api-5.12.2.jar:/home/vedansh/.m2/repository/org/opentest4j/opentest4j/1.3.0/opentest4j-1.3.0.jar:/home/vedansh/.m2/repository/org/junit/platform/junit-platform-commons/1.12.2/junit-platform-commons-1.12.2.jar:/home/vedansh/.m2/repository/org/apiguardian/apiguardian-api/1.1.2/apiguardian-api-1.1.2.jar:/home/vedansh/.m2/repository/org/junit/jupiter/junit-jupiter-params/5.12.2/junit-jupiter-params-5.12.2.jar:/home/vedansh/.m2/repository/org/junit/jupiter/junit-jupiter-engine/5.12.2/junit-jupiter-engine-5.12.2.jar:/home/vedansh/.m2/repository/org/junit/platform/junit-platform-engine/1.12.2/junit-platform-engine-1.12.2.jar:/home/vedansh/.m2/repository/org/mockito/mockito-core/5.17.0/mockito-core-5.17.0.jar:/home/vedansh/.m2/repository/net/bytebuddy/byte-buddy-agent/1.17.7/byte-buddy-agent-1.17.7.jar:/home/vedansh/.m2/repository/org/objenesis/objenesis/3.3/objenesis-3.3.jar:/home/vedansh/.m2/repository/org/mockito/mockito-junit-jupiter/5.17.0/mockito-junit-jupiter-5.17.0.jar:/home/vedansh/.m2/repository/org/skyscreamer/jsonassert/1.5.3/jsonassert-1.5.3.jar:/home/vedansh/.m2/repository/com/vaadin/external/google/android-json/0.0.20131108.vaadin1/android-json-0.0.20131108.vaadin1.jar:/home/vedansh/.m2/repository/org/springframework/spring-core/6.2.11/spring-core-6.2.11.jar:/home/vedansh/.m2/repository/org/springframework/spring-jcl/6.2.11/spring-jcl-6.2.11.jar:/home/vedansh/.m2/repository/org/springframework/spring-test/6.2.11/spring-test-6.2.11.jar:/home/vedansh/.m2/repository/org/xmlunit/xmlunit-core/2.10.4/xmlunit-core-2.10.4.jar:/home/vedansh/.m2/repository/org/modelmapper/modelmapper/3.2.0/modelmapper-3.2.0.jar:"/>
    <property name="java.vm.vendor" value="Ubuntu"/>
    <property name="sun.arch.data.model" value="64"/>
    <property name="java.vendor.url" value="https://ubuntu.com/"/>
    <property name="user.timezone" value="Asia/Kolkata"/>
    <property name="org.jboss.logging.provider" value="slf4j"/>
    <property name="os.name" value="Linux"/>
    <property name="java.vm.specification.version" value="21"/>
    <property name="APPLICATION_NAME" value="RestApis"/>
    <property name="sun.java.launcher" value="SUN_STANDARD"/>
    <property name="user.country" value="US"/>
    <property name="sun.boot.library.path" value="/usr/lib/jvm/java-21-openjdk-amd64/lib"/>
    <property name="sun.java.command" value="/home/vedansh/Documents/Spring-Boot-Rest-Apis/target/surefire/surefirebooter-20250922005052288_3.jar /home/vedansh/Documents/Spring-Boot-Rest-Apis/target/surefire 2025-09-22T00-50-52_096-jvmRun1 surefire-20250922005052288_1tmp surefire_0-20250922005052288_2tmp"/>
    <property name="jdk.debug" value="release"/>
    <property name="surefire.test.class.path" value="/home/vedansh/Documents/Spring-Boot-Rest-Apis/target/test-classes:/home/vedansh/Documents/Spring-Boot-Rest-Apis/target/classes:/home/vedansh/.m2/repository/org/springframework/boot/spring-boot-starter-web/3.5.6/spring-boot-starter-web-3.5.6.jar:/home/vedansh/.m2/repository/org/springframework/boot/spring-boot-starter/3.5.6/spring-boot-starter-3.5.6.jar:/home/vedansh/.m2/repository/org/springframework/boot/spring-boot/3.5.6/spring-boot-3.5.6.jar:/home/vedansh/.m2/repository/org/springframework/boot/spring-boot-autoconfigure/3.5.6/spring-boot-autoconfigure-3.5.6.jar:/home/vedansh/.m2/repository/org/springframework/boot/spring-boot-starter-logging/3.5.6/spring-boot-starter-logging-3.5.6.jar:/home/vedansh/.m2/repository/ch/qos/logback/logback-classic/1.5.18/logback-classic-1.5.18.jar:/home/vedansh/.m2/repository/ch/qos/logback/logback-core/1.5.18/logback-core-1.5.18.jar:/home/vedansh/.m2/repository/org/apache/logging/log4j/log4j-to-slf4j/2.24.3/log4j-to-slf4j-2.24.3.jar:/home/vedansh/.m2/repository/org/apache/logging/log4j/log4j-api/2.24.3/log4j-api-2.24.3.jar:/home/vedansh/.m2/repository/org/slf4j/jul-to-slf4j/2.0.17/jul-to-slf4j-2.0.17.jar:/home/vedansh/.m2/repository/jakarta/annotation/jakarta.annotation-api/2.1.1/jakarta.annotation-api-2.1.1.jar:/home/vedansh/.m2/repository/org/yaml/snakeyaml/2.4/snakeyaml-2.4.jar:/home/vedansh/.m2/repository/org/springframework/boot/spring-boot-starter-json/3.5.6/spring-boot-starter-json-3.5.6.jar:/home/vedansh/.m2/repository/com/fasterxml/jackson/core/jackson-databind/2.19.2/jackson-databind-2.19.2.jar:/home/vedansh/.m2/repository/com/fasterxml/jackson/core/jackson-annotations/2.19.2/jackson-annotations-2.19.2.jar:/home/vedansh/.m2/repository/com/fasterxml/jackson/core/jackson-core/2.19.2/jackson-core-2.19.2.jar:/home/vedansh/.m2/repository/com/fasterxml/jackson/datatype/jackson-datatype-jdk8/2.19.2/jackson-datatype-jdk8-2.19.2.jar:/home/vedansh/.m2/repository/com/fasterxml/jackson/datatype/jackson-datatype-jsr310/2.19.2/jackson-datatype-jsr310-2.19.2.jar:/home/vedansh/.m2/repository/com/fasterxml/jackson/module/jackson-module-parameter-names/2.19.2/jackson-module-parameter-names-2.19.2.jar:/home/vedansh/.m2/repository/org/springframework/boot/spring-boot-starter-tomcat/3.5.6/spring-boot-starter-tomcat-3.5.6.jar:/home/vedansh/.m2/repository/org/apache/tomcat/embed/tomcat-embed-core/10.1.46/tomcat-embed-core-10.1.46.jar:/home/vedansh/.m2/repository/org/apache/tomcat/embed/tomcat-embed-el/10.1.46/tomcat-embed-el-10.1.46.jar:/home/vedansh/.m2/repository/org/apache/tomcat/embed/tomcat-embed-websocket/10.1.46/tomcat-embed-websocket-10.1.46.jar:/home/vedansh/.m2/repository/org/springframework/spring-web/6.2.11/spring-web-6.2.11.jar:/home/vedansh/.m2/repository/org/springframework/spring-beans/6.2.11/spring-beans-6.2.11.jar:/home/vedansh/.m2/repository/io/micrometer/micrometer-observation/1.15.4/micrometer-observation-1.15.4.jar:/home/vedansh/.m2/repository/io/micrometer/micrometer-commons/1.15.4/micrometer-commons-1.15.4.jar:/home/vedansh/.m2/repository/org/springframework/spring-webmvc/6.2.11/spring-webmvc-6.2.11.jar:/home/vedansh/.m2/repository/org/springframework/spring-aop/6.2.11/spring-aop-6.2.11.jar:/home/vedansh/.m2/repository/org/springframework/spring-context/6.2.11/spring-context-6.2.11.jar:/home/vedansh/.m2/repository/org/springframework/spring-expression/6.2.11/spring-expression-6.2.11.jar:/home/vedansh/.m2/repository/org/springframework/boot/spring-boot-starter-data-jpa/3.5.6/spring-boot-starter-data-jpa-3.5.6.jar:/home/vedansh/.m2/repository/org/springframework/boot/spring-boot-starter-jdbc/3.5.6/spring-boot-starter-jdbc-3.5.6.jar:/home/vedansh/.m2/repository/com/zaxxer/HikariCP/6.3.3/HikariCP-6.3.3.jar:/home/vedansh/.m2/repository/org/springframework/spring-jdbc/6.2.11/spring-jdbc-6.2.11.jar:/home/vedansh/.m2/repository/org/hibernate/orm/hibernate-core/6.6.29.Final/hibernate-core-6.6.29.Final.jar:/home/vedansh/.m2/repository/jakarta/persistence/jakarta.persistence-api/3.1.0/jakarta.persistence-api-3.1.0.jar:/home/vedansh/.m2/repository/jakarta/transaction/jakarta.transaction-api/2.0.1/jakarta.transaction-api-2.0.1.jar:/home/vedansh/.m2/repository/org/jboss/logging/jboss-logging/3.6.1.Final/jboss-logging-3.6.1.Final.jar:/home/vedansh/.m2/repository/org/hibernate/common/hibernate-commons-annotations/7.0.3.Final/hibernate-commons-annotations-7.0.3.Final.jar:/home/vedansh/.m2/repository/io/smallrye/jandex/3.2.0/jandex-3.2.0.jar:/home/vedansh/.m2/repository/com/fasterxml/classmate/1.7.0/classmate-1.7.0.jar:/home/vedansh/.m2/repository/net/bytebuddy/byte-buddy/1.17.7/byte-buddy-1.17.7.jar:/home/vedansh/.m2/repository/org/glassfish/jaxb/jaxb-runtime/4.0.5/jaxb-runtime-4.0.5.jar:/home/vedansh/.m2/repository/org/glassfish/jaxb/jaxb-core/4.0.5/jaxb-core-4.0.5.jar:/home/vedansh/.m2/repository/org/eclipse/angus/angus-activation/2.0.2/angus-activation-2.0.2.jar:/home/vedansh/.m2/repository/org/glassfish/jaxb/txw2/4.0.5/txw2-4.0.5.jar:/home/vedansh/.m2/repository/com/sun/istack/istack-commons-runtime/4.1.2/istack-commons-runtime-4.1.2.jar:/home/vedansh/.m2/repository/jakarta/inject/jakarta.inject-api/2.0.1/jakarta.inject-api-2.0.1.jar:/home/vedansh/.m2/repository/org/antlr/antlr4-runtime/4.13.0/antlr4-runtime-4.13.0.jar:/home/vedansh/.m2/repository/org/springframework/data/spring-data-jpa/3.5.4/spring-data-jpa-3.5.4.jar:/home/vedansh/.m2/repository/org/springframework/data/spring-data-commons/3.5.4/spring-data-commons-3.5.4.jar:/home/vedansh/.m2/repository/org/springframework/spring-orm/6.2.11/spring-orm-6.2.11.jar:/home/vedansh/.m2/repository/org/springframework/spring-tx/6.2.11/spring-tx-6.2.11.jar:/home/vedansh/.m2/repository/org/slf4j/slf4j-api/2.0.17/slf4j-api-2.0.17.jar:/home/vedansh/.m2/repository/org/springframework/spring-aspects/6.2.11/spring-aspects-6.2.11.jar:/home/vedansh/.m2/repository/org/aspectj/aspectjweaver/1.9.24/aspectjweaver-1.9.24.jar:/home/vedansh/.m2/repository/org/postgresql/postgresql/42.7.7/postgresql-42.7.7.jar:/home/vedansh/.m2/repository/org/checkerframework/checker-qual/3.49.3/checker-qual-3.49.3.jar:/home/vedansh/.m2/repository/org/projectlombok/lombok/1.18.40/lombok-1.18.40.jar:/home/vedansh/.m2/repository/org/springframework/boot/spring-boot-starter-test/3.5.6/spring-boot-starter-test-3.5.6.jar:/home/vedansh/.m2/repository/org/springframework/boot/spring-boot-test/3.5.6/spring-boot-test-3.5.6.jar:/home/vedansh/.m2/repository/org/springframework/boot/spring-boot-test-autoconfigure/3.5.6/spring-boot-test-autoconfigure-3.5.6.jar:/home/vedansh/.m2/repository/com/jayway/jsonpath/json-path/2.9.0/json-path-2.9.0.jar:/home/vedansh/.m2/repository/jakarta/xml/bind/jakarta.xml.bind-api/4.0.2/jakarta.xml.bind-api-4.0.2.jar:/home/vedansh/.m2/repository/jakarta/activation/jakarta.activation-api/2.1.4/jakarta.activation-api-2.1.4.jar:/home/vedansh/.m2/repository/net/minidev/json-smart/2.5.2/json-smart-2.5.2.jar:/home/vedansh/.m2/repository/net/minidev/accessors-smart/2.5.2/accessors-smart-2.5.2.jar:/home/vedansh/.m2/repository/org/ow2/asm/asm/9.7.1/asm-9.7.1.jar:/home/vedansh/.m2/repository/org/assertj/assertj-core/3.27.4/assertj-core-3.27.4.jar:/home/vedansh/.m2/repository/org/awaitility/awaitility/4.2.2/awaitility-4.2.2.jar:/home/vedansh/.m2/repository/org/hamcrest/hamcrest/3.0/hamcrest-3.0.jar:/home/vedansh/.m2/repository/org/junit/jupiter/junit-jupiter/5.12.2/junit-jupiter-5.12.2.jar:/home/vedansh/.m2/repository/org/junit/jupiter/junit-jupiter-api/5.12.2/junit-jupiter-api-5.12.2.jar:/home/vedansh/.m2/repository/org/opentest4j/opentest4j/1.3.0/opentest4j-1.3.0.jar:/home/vedansh/.m2/repository/org/junit/platform/junit-platform-commons/1.12.2/junit-platform-commons-1.12.2.jar:/home/vedansh/.m2/repository/org/apiguardian/apiguardian-api/1.1.2/apiguardian-api-1.1.2.jar:/home/vedansh/.m2/repository/org/junit/jupiter/junit-jupiter-params/5.12.2/junit-jupiter-params-5.12.2.jar:/home/vedansh/.m2/repository/org/junit/jupiter/junit-jupiter-engine/5.12.2/junit-jupiter-engine-5.12.2.jar:/home/vedansh/.m2/repository/org/junit/platform/junit-platform-engine/1.12.2/junit-platform-engine-1.12.2.jar:/home/vedansh/.m2/repository/org/mockito/mockito-core/5.17.0/mockito-core-5.17.0.jar:/home/vedansh/.m2/repository/net/bytebuddy/byte-buddy-agent/1.17.7/byte-buddy-agent-1.17.7.jar:/home/vedansh/.m2/repository/org/objenesis/objenesis/3.3/objenesis-3.3.jar:/home/vedansh/.m2/repository/org/mockito/mockito-junit-jupiter/5.17.0/mockito-junit-jupiter-5.17.0.jar:/home/vedansh/.m2/repository/org/skyscreamer/jsonassert/1.5.3/jsonassert-1.5.3.jar:/home/vedansh/.m2/repository/com/vaadin/external/google/android-json/0.0.20131108.vaadin1/android-json-0.0.20131108.vaadin1.jar:/home/vedansh/.m2/repository/org/springframework/spring-core/6.2.11/spring-core-6.2.11.jar:/home/vedansh/.m2/repository/org/springframework/spring-jcl/6.2.11/spring-jcl-6.2.11.jar:/home/vedansh/.m2/repository/org/springframework/spring-test/6.2.11/spring-test-6.2.11.jar:/home/vedansh/.m2/repository/org/xmlunit/xmlunit-core/2.10.4/xmlunit-core-2.10.4.jar:/home/vedansh/.m2/repository/org/modelmapper/modelmapper/3.2.0/modelmapper-3.2.0.jar:"/>
    <property name="sun.cpu.endian" value="little"/>
    <property name="user.home" value="/home/vedansh"/>
    <property name="user.language" value="en"/>
    <property name="java.specification.vendor" value="Oracle Corporation"/>
    <property name="java.version.date" value="2025-07-15"/>
    <property name="java.home" value="/usr/lib/jvm/java-21-openjdk-amd64"/>
    <property name="file.separator" value="/"/>
    <property name="basedir" value="/home/vedansh/Documents/Spring-Boot-Rest-Apis"/>
    <property name="java.vm.compressedOopsMode" value="Zero based"/>
    <property name="line.separator" value="&#10;"/>
    <property name="java.vm.specification.vendor" value="Oracle Corporation"/>
    <property name="java.specification.name" value="Java Platform API Specification"/>
    <property name="FILE_LOG_CHARSET" value="UTF-8"/>
    <property name="java.awt.headless" value="true"/>
    <property name="surefire.real.class.path" value="/home/vedansh/Documents/Spring-Boot-Rest-Apis/target/surefire/surefirebooter-20250922005052288_3.jar"/>
    <property name="sun.management.compiler" value="HotSpot 64-Bit Tiered Compilers"/>
    <property name="java.runtime.version" value="21.0.8+9-Ubuntu-0ubuntu124.04.1"/>
    <property name="user.name" value="vedansh"/>
    <property name="stdout.encoding" value="UTF-8"/>
    <property name="path.separator" value=":"/>
    <property name="os.version" value="6.14.0-29-generic"/>
    <property name="java.runtime.name" value="OpenJDK Runtime Environment"/>
    <property name="file.encoding" value="UTF-8"/>
    <property name="java.vm.name" value="OpenJDK 64-Bit Server VM"/>
    <property name="localRepository" value="/home/vedansh/.m2/repository"/>
    <property name="java.vendor.url.bug" value="https://bugs.launchpad.net/ubuntu/+source/openjdk-21"/>
    <property name="java.io.tmpdir" value="/tmp"/>
    <property name="com.zaxxer.hikari.pool_number" value="1"/>
    <property name="java.version" value="21.0.8"/>
    <property name="user.dir" value="/home/vedansh/Documents/Spring-Boot-Rest-Apis"/>
    <property name="os.arch" value="amd64"/>
    <property name="java.vm.specification.name" value="Java Virtual Machine Specification"/>
    <property name="PID" value="318951"/>
    <property name="CONSOLE_LOG_CHARSET" value="UTF-8"/>
    <property name="native.encoding" value="UTF-8"/>
    <property name="java.library.path" value="/usr/java/packages/lib:/usr/lib/x86_64-linux-gnu/jni:/lib/x86_64-linux-gnu:/usr/lib/x86_64-linux-gnu:/usr/lib/jni:/lib:/usr/lib"/>
    <property name="java.vm.info" value="mixed mode, sharing"/>
    <property name="stderr.encoding" value="UTF-8"/>
    <property name="java.vendor" value="Ubuntu"/>
    <property name="java.vm.version" value="21.0.8+9-Ubuntu-0ubuntu124.04.1"/>
    <property name="sun.io.unicode.encoding" value="UnicodeLittle"/>
    <property name="java.class.version" value="65.0"/>
    <property name="LOGGED_APPLICATION_NAME" value="[RestApis] "/>
  </properties>
  <testcase name="contextLoads" classname="com.vedansh.restapis.RestApis.RestApisApplicationTests" time="0.951">
    <system-out><![CDATA[00:50:53.954 [main] INFO org.springframework.test.context.support.AnnotationConfigContextLoaderUtils -- Could not detect default configuration classes for test class [com.vedansh.restapis.RestApis.RestApisApplicationTests]: RestApisApplicationTests does not declare any static, non-private, non-final, nested classes annotated with @Configuration.
00:50:54.234 [main] INFO org.springframework.boot.test.context.SpringBootTestContextBootstrapper -- Found @SpringBootConfiguration com.vedansh.restapis.RestApis.RestApisApplication for test class com.vedansh.restapis.RestApis.RestApisApplicationTests

  .   ____          _            __ _ _
 /\\ / ___'_ __ _ _(_)_ __  __ _ \ \ \ \
( ( )\___ | '_ | '_| | '_ \/ _` | \ \ \ \
 \\/  ___)| |_)| | | | | || (_| |  ) ) ) )
  '  |____| .__|_| |_|_| |_\__, | / / / /
 =========|_|==============|___/=/_/_/_/

 :: Spring Boot ::                (v3.5.6)

2025-09-22T00:50:55.449+05:30  INFO 318951 --- [RestApis] [           main] c.v.r.RestApis.RestApisApplicationTests  : Starting RestApisApplicationTests using Java 21.0.8 with PID 318951 (started by vedansh in /home/vedansh/Documents/Spring-Boot-Rest-Apis)
2025-09-22T00:50:55.454+05:30  INFO 318951 --- [RestApis] [           main] c.v.r.RestApis.RestApisApplicationTests  : No active profile set, falling back to 1 default profile: "default"
2025-09-22T00:50:57.010+05:30  INFO 318951 --- [RestApis] [           main] .s.d.r.c.RepositoryConfigurationDelegate : Bootstrapping Spring Data JPA repositories in DEFAULT mode.
2025-09-22T00:50:57.144+05:30  INFO 318951 --- [RestApis] [           main] .s.d.r.c.RepositoryConfigurationDelegate : Finished Spring Data repository scanning in 112 ms. Found 1 JPA repository interface.
2025-09-22T00:50:58.188+05:30  INFO 318951 --- [RestApis] [           main] o.hibernate.jpa.internal.util.LogHelper  : HHH000204: Processing PersistenceUnitInfo [name: default]
2025-09-22T00:50:58.364+05:30  INFO 318951 --- [RestApis] [           main] org.hibernate.Version                    : HHH000412: Hibernate ORM core version 6.6.29.Final
2025-09-22T00:50:58.442+05:30  INFO 318951 --- [RestApis] [           main] o.h.c.internal.RegionFactoryInitiator    : HHH000026: Second-level cache disabled
2025-09-22T00:50:59.193+05:30  INFO 318951 --- [RestApis] [           main] o.s.o.j.p.SpringPersistenceUnitInfo      : No LoadTimeWeaver setup: ignoring JPA class transformer
2025-09-22T00:50:59.249+05:30  INFO 318951 --- [RestApis] [           main] com.zaxxer.hikari.HikariDataSource       : HikariPool-1 - Starting...
2025-09-22T00:51:00.153+05:30  INFO 318951 --- [RestApis] [           main] com.zaxxer.hikari.pool.HikariPool        : HikariPool-1 - Added connection org.postgresql.jdbc.PgConnection@6115846e
2025-09-22T00:51:00.156+05:30  INFO 318951 --- [RestApis] [           main] com.zaxxer.hikari.HikariDataSource       : HikariPool-1 - Start completed.
2025-09-22T00:51:00.379+05:30  INFO 318951 --- [RestApis] [           main] org.hibernate.orm.connections.pooling    : HHH10001005: Database info:
	Database JDBC URL [Connecting through datasource 'HikariDataSource (HikariPool-1)']
	Database driver: undefined/unknown
	Database version: 16.10
	Autocommit mode: undefined/unknown
	Isolation level: undefined/unknown
	Minimum pool size: undefined/unknown
	Maximum pool size: undefined/unknown
2025-09-22T00:51:02.339+05:30  INFO 318951 --- [RestApis] [           main] o.h.e.t.j.p.i.JtaPlatformInitiator       : HHH000489: No JTA platform available (set 'hibernate.transaction.jta.platform' to enable JTA platform integration)
2025-09-22T00:51:02.465+05:30  INFO 318951 --- [RestApis] [           main] j.LocalContainerEntityManagerFactoryBean : Initialized JPA EntityManagerFactory for persistence unit 'default'
2025-09-22T00:51:03.236+05:30  WARN 318951 --- [RestApis] [           main] JpaBaseConfiguration$JpaWebConfiguration : spring.jpa.open-in-view is enabled by default. Therefore, database queries may be performed during view rendering. Explicitly configure spring.jpa.open-in-view to disable this warning
2025-09-22T00:51:03.980+05:30  INFO 318951 --- [RestApis] [           main] c.v.r.RestApis.RestApisApplicationTests  : Started RestApisApplicationTests in 9.332 seconds (process running for 11.553)
]]></system-out>
    <system-err><![CDATA[Mockito is currently self-attaching to enable the inline-mock-maker. This will no longer work in future releases of the JDK. Please add Mockito as an agent to your build as described in Mockito's documentation: https://javadoc.io/doc/org.mockito/mockito-core/latest/org.mockito/org/mockito/Mockito.html#0.3
WARNING: A Java agent has been loaded dynamically (/home/vedansh/.m2/repository/net/bytebuddy/byte-buddy-agent/1.17.7/byte-buddy-agent-1.17.7.jar)
WARNING: If a serviceability tool is in use, please run with -XX:+EnableDynamicAgentLoading to hide this warning
WARNING: If a serviceability tool is not in use, please run with -Djdk.instrument.traceUsage for more information
WARNING: Dynamic loading of agents will be disallowed by default in a future release
]]></system-err>
  </testcase>
</testsuite>